<?xml version="1.0" encoding="UTF-8"?>
<!-- Generated by org.testng.reporters.JUnitReportReporter -->
<testsuite hostname="DESKTOP-8H81R92" name="com.training.sanity.tests.RemoveCart" tests="1" failures="0" timestamp="9 May 2020 21:19:39 GMT" time="24.103" errors="0">
  <testcase name="RemoveFromCart" time="24.103" classname="com.training.sanity.tests.RemoveCart"/>
</testsuite> <!-- com.training.sanity.tests.RemoveCart -->
