<?xml version="1.0" encoding="UTF-8"?>
<!-- Generated by org.testng.reporters.JUnitReportReporter -->
<testsuite hostname="DESKTOP-8H81R92" name="com.training.sanity.tests.UniformLoginTests" tests="1" failures="0" timestamp="7 May 2020 19:16:53 GMT" time="29.573" errors="0">
  <testcase name="validLoginTest" time="29.573" classname="com.training.sanity.tests.UniformLoginTests"/>
</testsuite> <!-- com.training.sanity.tests.UniformLoginTests -->
