<?xml version="1.0" encoding="UTF-8"?>
<!-- Generated by org.testng.reporters.JUnitReportReporter -->
<testsuite hostname="DESKTOP-8H81R92" name="com.training.sanity.tests.AddCart" tests="1" failures="0" timestamp="9 May 2020 20:54:27 GMT" time="22.573" errors="0">
  <testcase name="AddToCart" time="22.573" classname="com.training.sanity.tests.AddCart"/>
</testsuite> <!-- com.training.sanity.tests.AddCart -->
